<?xml version="1.0" encoding="UTF-8"?>
<!-- Generated by org.testng.reporters.JUnitXMLReporter -->
<testsuite ignored="0" hostname="DESKTOP-7KCM8M2" failures="0" tests="5" name="Default test" time="144.166" errors="0" timestamp="2023-04-27T19:54:33 IST">
  <testcase classname="Execute.NewTest" name="f" time="1.867"/>
  <testcase classname="Execute.NewTest" name="f" time="1.269"/>
  <testcase classname="Execute.NewTest" name="f" time="1.123"/>
  <testcase classname="Execute.NewTest" name="f" time="1.616"/>
  <testcase classname="Execute.NewTest" name="f" time="1.238"/>
</testsuite> <!-- Default test -->
