<?xml version="1.0" encoding="UTF-8"?>
<!-- Generated by org.testng.reporters.JUnitXMLReporter -->
<testsuite ignored="0" hostname="DESKTOP-7KCM8M2" failures="0" tests="5" name="Test" time="114.665" errors="0" timestamp="2023-04-27T12:05:54 IST">
  <testcase classname="Execute.NewTest" name="f" time="8.051"/>
  <testcase classname="Execute.NewTest" name="f" time="2.616"/>
  <testcase classname="Execute.NewTest" name="f" time="1.451"/>
  <testcase classname="Execute.NewTest" name="f" time="1.998"/>
  <testcase classname="Execute.NewTest" name="f" time="1.241"/>
</testsuite> <!-- Test -->
